\BOOKMARK [0][]{chapter*.1}{Table des mati\350res}{}% 1
\BOOKMARK [0][]{chapter.1}{1 Introduction}{}% 2
\BOOKMARK [0][]{chapter.2}{2 Description du M\351ta-Mod\350le HADL : M2}{}% 3
\BOOKMARK [1][]{section.2.1}{2.1 D\351finition}{chapter.2}% 4
\BOOKMARK [1][]{section.2.2}{2.2 Analyse}{chapter.2}% 5
\BOOKMARK [2][]{subsection.2.2.1}{2.2.1 Les Liens}{section.2.2}% 6
\BOOKMARK [2][]{subsection.2.2.2}{2.2.2 Les Connecteurs}{section.2.2}% 7
\BOOKMARK [2][]{subsection.2.2.3}{2.2.3 Les Composants}{section.2.2}% 8
\BOOKMARK [1][]{section.2.3}{2.3 Diagrammes}{chapter.2}% 9
\BOOKMARK [0][]{chapter.3}{3 Description du syst\350me Client/Serveur : M1}{}% 10
\BOOKMARK [1][]{section.3.1}{3.1 D\351finition}{chapter.3}% 11
\BOOKMARK [1][]{section.3.2}{3.2 Analyse}{chapter.3}% 12
\BOOKMARK [2][]{subsection.3.2.1}{3.2.1 Client/Serveur}{section.3.2}% 13
\BOOKMARK [2][]{subsection.3.2.2}{3.2.2 Client}{section.3.2}% 14
\BOOKMARK [2][]{subsection.3.2.3}{3.2.3 Serveur}{section.3.2}% 15
\BOOKMARK [2][]{subsection.3.2.4}{3.2.4 RPC}{section.3.2}% 16
\BOOKMARK [1][]{section.3.3}{3.3 Diagrammes}{chapter.3}% 17
\BOOKMARK [0][]{chapter.4}{4 Description du M\351ta-M\351ta-Mod\350le M\351ta-HADL : M3}{}% 18
\BOOKMARK [1][]{section.4.1}{4.1 D\351finition}{chapter.4}% 19
\BOOKMARK [1][]{section.4.2}{4.2 Analyse}{chapter.4}% 20
\BOOKMARK [2][]{subsection.4.2.1}{4.2.1 Meta-Entit\351}{section.4.2}% 21
\BOOKMARK [2][]{subsection.4.2.2}{4.2.2 Relation}{section.4.2}% 22
\BOOKMARK [1][]{section.4.3}{4.3 Diagrammes}{chapter.4}% 23
\BOOKMARK [0][]{chapter.5}{5 Vue g\351n\351rale}{}% 24
