\BOOKMARK [1][-]{section.1}{\376\377\000I\000n\000t\000r\000o\000d\000u\000t\000i\000o\000n}{}
\BOOKMARK [1][-]{section.2}{\376\377\000L\000u\000c\000i\000d\000\040\0002}{}
\BOOKMARK [2][-]{subsection.2.1}{\376\377\000D\000\351\000f\000i\000n\000i\000t\000i\000o\000n}{section.2}
\BOOKMARK [2][-]{subsection.2.2}{\376\377\000A\000p\000p\000r\000o\000c\000h\000e\000\040\000d\000e\000s\000\040\000u\000t\000i\000l\000i\000s\000a\000t\000e\000u\000r\000s}{section.2}
\BOOKMARK [2][-]{subsection.2.3}{\376\377\000U\000s\000e\000r\000\040\000S\000t\000o\000r\000i\000e\000s}{section.2}
\BOOKMARK [3][-]{subsubsection.2.3.1}{\376\377\000U\000s\000e\000r\000\040\000S\000t\000o\000r\000i\000e\000s\000\040\000p\000o\000u\000r\000\040\000l\000e\000\040\000c\000o\000m\000p\000o\000s\000a\000n\000t\000\040\000d\000\351}{subsection.2.3}
\BOOKMARK [3][-]{subsubsection.2.3.2}{\376\377\000U\000s\000e\000r\000\040\000S\000t\000o\000r\000i\000e\000s\000\040\000p\000o\000u\000r\000\040\000l\000a\000\040\000c\000o\000n\000n\000e\000c\000t\000i\000v\000i\000t\000\351}{subsection.2.3}
\BOOKMARK [3][-]{subsubsection.2.3.3}{\376\377\000U\000s\000e\000r\000\040\000S\000t\000o\000r\000i\000e\000s\000\040\000p\000o\000u\000r\000\040\000l\000e\000\040\000J\000o\000u\000e\000u\000r}{subsection.2.3}
\BOOKMARK [3][-]{subsubsection.2.3.4}{\376\377\000U\000s\000e\000r\000\040\000S\000t\000o\000r\000i\000e\000s\000\040\000p\000o\000u\000r\000\040\000l\000e\000\040\000M\000J}{subsection.2.3}
\BOOKMARK [1][-]{section.3}{\376\377\000L\000u\000c\000i\000d\000\040\0003}{}
\BOOKMARK [2][-]{subsection.3.1}{\376\377\000D\000\351\000f\000i\000n\000i\000t\000i\000o\000n}{section.3}
\BOOKMARK [2][-]{subsection.3.2}{\376\377\000E\000s\000q\000u\000i\000s\000s\000e\000s\000\040\000i\000n\000t\000e\000r\000f\000a\000c\000e\000s}{section.3}
\BOOKMARK [1][-]{section.4}{\376\377\000L\000u\000c\000i\000d\000\040\0004}{}
\BOOKMARK [2][-]{subsection.4.1}{\376\377\000D\000\351\000f\000i\000n\000i\000t\000i\000o\000n}{section.4}
\BOOKMARK [2][-]{subsection.4.2}{\376\377\000N\000o\000t\000r\000e\000\040\000o\000r\000g\000a\000n\000i\000s\000a\000t\000i\000o\000n}{section.4}
\BOOKMARK [1][-]{section.5}{\376\377\000L\000u\000c\000i\000d\000\040\0005}{}
\BOOKMARK [2][-]{subsection.5.1}{\376\377\000D\000\351\000f\000i\000n\000i\000t\000i\000o\000n}{section.5}
\BOOKMARK [2][-]{subsection.5.2}{\376\377\000L\000'\000i\000m\000p\000l\000\351\000m\000e\000n\000t\000a\000t\000i\000o\000n}{section.5}
\BOOKMARK [3][-]{subsubsection.5.2.1}{\376\377\000M\000o\000d\000u\000l\000e\000s\000\040\000d\000e\000\040\000b\000a\000s\000e}{subsection.5.2}
\BOOKMARK [3][-]{subsubsection.5.2.2}{\376\377\000I\000H\000M\000\040\000A\000n\000d\000r\000o\000i\000d}{subsection.5.2}
\BOOKMARK [1][-]{section.6}{\376\377\000L\000u\000c\000i\000d\000\040\0006}{}
\BOOKMARK [2][-]{subsection.6.1}{\376\377\000D\000\351\000f\000i\000n\000i\000t\000i\000o\000n}{section.6}
\BOOKMARK [2][-]{subsection.6.2}{\376\377\000P\000l\000a\000n\000\040\000d\000'\000\351\000v\000a\000l\000u\000t\000i\000o\000n}{section.6}
\BOOKMARK [1][-]{section.7}{\376\377\000C\000o\000n\000c\000l\000u\000s\000i\000o\000n}{}
